---------------------------------------------------------------------------------
Import Task list and their taken time on 11/06/2020 8:55:14 PM
---------------------------------------------------------------------------------

Total time taken 00:00:00

Exp. Time	Act. Time	Task (4)
00:00:00		Update Demands...
00:00:01		VEDA To TIMES I...
00:00:10		Updating SysSettings...
00:00:03		VEDA To TIMES II...




---------------------------------------------------------------------------------
Import Task list and their taken time on 11/06/2020 8:55:26 PM
---------------------------------------------------------------------------------

Total time taken 00:00:07

Exp. Time	Act. Time	Task (4)
00:00:00	00:00:00	Update Demands...
00:00:01	00:00:01	VEDA To TIMES I...
00:00:10	00:00:00	Updating SysSettings...
00:00:03	00:00:06	VEDA To TIMES II...




---------------------------------------------------------------------------------
Import Task list and their taken time on 11/06/2020 9:47:07 PM
---------------------------------------------------------------------------------

Total time taken 00:00:00

Exp. Time	Act. Time	Task (3)
00:00:01		VEDA To TIMES I...
00:00:00		Updating SysSettings...
00:00:06		VEDA To TIMES II...




---------------------------------------------------------------------------------
Import Task list and their taken time on 11/06/2020 9:47:52 PM
---------------------------------------------------------------------------------

Total time taken 00:00:40

Exp. Time	Act. Time	Task (3)
00:00:01	00:00:00	VEDA To TIMES I...
00:00:00	00:00:34	Updating SysSettings...
00:00:06	00:00:06	VEDA To TIMES II...




