\BOOKMARK [1][-]{section.1}{Introduction}{}% 1
\BOOKMARK [1][-]{section.2}{Literature Review}{}% 2
\BOOKMARK [2][-]{subsection.2.1}{An Introduction to Energy}{section.2}% 3
\BOOKMARK [2][-]{subsection.2.2}{Energy, Emissions, and the Economy}{section.2}% 4
\BOOKMARK [3][-]{subsubsection.2.2.1}{Energy}{subsection.2.2}% 5
\BOOKMARK [3][-]{subsubsection.2.2.2}{Emissions}{subsection.2.2}% 6
\BOOKMARK [3][-]{subsubsection.2.2.3}{Economy}{subsection.2.2}% 7
\BOOKMARK [2][-]{subsection.2.3}{Current Political Action}{section.2}% 8
\BOOKMARK [3][-]{subsubsection.2.3.1}{Paris Agreement}{subsection.2.3}% 9
\BOOKMARK [3][-]{subsubsection.2.3.2}{Carbon Pricing Initiatives}{subsection.2.3}% 10
\BOOKMARK [2][-]{subsection.2.4}{Opportunities and Challenges}{section.2}% 11
\BOOKMARK [3][-]{subsubsection.2.4.1}{Market-Based Approaches}{subsection.2.4}% 12
\BOOKMARK [3][-]{subsubsection.2.4.2}{Benefits and Costs to a Carbon Tax}{subsection.2.4}% 13
\BOOKMARK [3][-]{subsubsection.2.4.3}{Decarbonization, Investment, and Technology}{subsection.2.4}% 14
\BOOKMARK [2][-]{subsection.2.5}{Energy Modeling}{section.2}% 15
\BOOKMARK [3][-]{subsubsection.2.5.1}{Global and Domestic Energy Scenarios}{subsection.2.5}% 16
\BOOKMARK [3][-]{subsubsection.2.5.2}{The Integrated MARKEL-EFORM System \(TIMES\) Model}{subsection.2.5}% 17
\BOOKMARK [3][-]{subsubsection.2.5.3}{General Algebraic Modeling System \(GAMS\)}{subsection.2.5}% 18
\BOOKMARK [3][-]{subsubsection.2.5.4}{Open Source Energy Modeling System \(OseMOSYS\)}{subsection.2.5}% 19
\BOOKMARK [1][-]{section.3}{Project Scope and Research Objectives}{}% 20
\BOOKMARK [1][-]{section.4}{Methodology and Implementation}{}% 21
\BOOKMARK [2][-]{subsection.4.1}{Project organisation}{section.4}% 22
\BOOKMARK [3][-]{subsubsection.4.1.1}{Version Control}{subsection.4.1}% 23
\BOOKMARK [3][-]{subsubsection.4.1.2}{Folder Structure}{subsection.4.1}% 24
\BOOKMARK [3][-]{subsubsection.4.1.3}{Python}{subsection.4.1}% 25
\BOOKMARK [3][-]{subsubsection.4.1.4}{Package Management}{subsection.4.1}% 26
\BOOKMARK [3][-]{subsubsection.4.1.5}{Excel}{subsection.4.1}% 27
\BOOKMARK [3][-]{subsubsection.4.1.6}{IBM ILOG CPLEX Optimization}{subsection.4.1}% 28
\BOOKMARK [3][-]{subsubsection.4.1.7}{PyPI}{subsection.4.1}% 29
\BOOKMARK [3][-]{subsubsection.4.1.8}{Code Style}{subsection.4.1}% 30
\BOOKMARK [3][-]{subsubsection.4.1.9}{Infrastructure}{subsection.4.1}% 31
\BOOKMARK [2][-]{subsection.4.2}{Documentation}{section.4}% 32
\BOOKMARK [3][-]{subsubsection.4.2.1}{Project updates}{subsection.4.2}% 33
\BOOKMARK [3][-]{subsubsection.4.2.2}{Meeting minutes}{subsection.4.2}% 34
\BOOKMARK [2][-]{subsection.4.3}{Standardised Forecasting Methodology}{section.4}% 35
\BOOKMARK [2][-]{subsection.4.4}{Geographical Partitioning}{section.4}% 36
\BOOKMARK [2][-]{subsection.4.5}{Forecasting Energy Systems: NZ Example}{section.4}% 37
\BOOKMARK [3][-]{subsubsection.4.5.1}{Energy System Functions}{subsection.4.5}% 38
\BOOKMARK [2][-]{subsection.4.6}{TIMES/OseMOSYS Adaptation}{section.4}% 39
\BOOKMARK [3][-]{subsubsection.4.6.1}{TIMES}{subsection.4.6}% 40
\BOOKMARK [3][-]{subsubsection.4.6.2}{OseMOYSIS}{subsection.4.6}% 41
\BOOKMARK [2][-]{subsection.4.7}{Simulation Processes}{section.4}% 42
\BOOKMARK [2][-]{subsection.4.8}{Development of Investment Strategies}{section.4}% 43
\BOOKMARK [2][-]{subsection.4.9}{User Interface and User Experience Development}{section.4}% 44
\BOOKMARK [1][-]{section.5}{Results}{}% 45
\BOOKMARK [1][-]{section.6}{Discussion}{}% 46
\BOOKMARK [1][-]{section.7}{Summary and Conclusion}{}% 47
\BOOKMARK [1][-]{section.8}{Future Work}{}% 48
\BOOKMARK [1][-]{section.9}{Appendices}{}% 49
\BOOKMARK [1][-]{section.10}{References}{}% 50
