\BOOKMARK [1][-]{section.1}{Website}{}% 1
\BOOKMARK [2][-]{subsection.1.1}{Version Two}{section.1}% 2
\BOOKMARK [2][-]{subsection.1.2}{Version One}{section.1}% 3
\BOOKMARK [1][-]{section.2}{Programming}{}% 4
\BOOKMARK [2][-]{subsection.2.1}{GOCPI NZ Energy Systems Example}{section.2}% 5
\BOOKMARK [2][-]{subsection.2.2}{GOCPI Module}{section.2}% 6
\BOOKMARK [3][-]{subsubsection.2.2.1}{Navigation}{subsection.2.2}% 7
\BOOKMARK [3][-]{subsubsection.2.2.2}{Energysystems}{subsection.2.2}% 8
\BOOKMARK [3][-]{subsubsection.2.2.3}{CreateCases}{subsection.2.2}% 9
\BOOKMARK [3][-]{subsubsection.2.2.4}{Forecasting}{subsection.2.2}% 10
\BOOKMARK [3][-]{subsubsection.2.2.5}{Optimisation}{subsection.2.2}% 11
\BOOKMARK [1][-]{section.3}{Development Scripting}{}% 12
\BOOKMARK [2][-]{subsection.3.1}{GOCPI Data Cases}{section.3}% 13
\BOOKMARK [2][-]{subsection.3.2}{GOCPI Energy Balances}{section.3}% 14
\BOOKMARK [2][-]{subsection.3.3}{GOCPI Geographies}{section.3}% 15
\BOOKMARK [2][-]{subsection.3.4}{GOCPI Inputs}{section.3}% 16
\BOOKMARK [2][-]{subsection.3.5}{GOCPI Model Import}{section.3}% 17
\BOOKMARK [2][-]{subsection.3.6}{GOCPI Optimisation}{section.3}% 18
\BOOKMARK [1][-]{section.4}{OseMOSYS}{}% 19
\BOOKMARK [2][-]{subsection.4.1}{Model File}{section.4}% 20
\BOOKMARK [2][-]{subsection.4.2}{Data File}{section.4}% 21
\BOOKMARK [2][-]{subsection.4.3}{Linear Programme File}{section.4}% 22
\BOOKMARK [1][-]{section.5}{Project Log Book}{}% 23
\BOOKMARK [1][-]{section.6}{Bibliography}{}% 24
