---------------------------------------------------------------------------------
Import Task list and their taken time on 10/07/2017 17:46:55
---------------------------------------------------------------------------------

Total time taken 00:00:00

Exp. Time	Act. Time	Task (4)
UnKnown		Reg_Scen: Cost_Annuity_Bound
00:00:00		VEDA To TIMES I...
00:00:15		Updating SysSettings...
00:00:05		VEDA To TIMES II...




---------------------------------------------------------------------------------
Import Task list and their taken time on 10/07/2017 17:47:30
---------------------------------------------------------------------------------

Total time taken 00:00:30

Exp. Time	Act. Time	Task (4)
UnKnown	00:00:11	Reg_Scen: Cost_Annuity_Bound
00:00:00	00:00:00	VEDA To TIMES I...
00:00:15	00:00:15	Updating SysSettings...
00:00:05	00:00:04	VEDA To TIMES II...




---------------------------------------------------------------------------------
Import Task list and their taken time on 03/10/2017 12:53:04
---------------------------------------------------------------------------------

Total time taken 00:00:00

Exp. Time	Act. Time	Task (9)
00:00:25		B-Y: REG2_RCA
00:00:17		B-Y Transformation...
00:00:03		Transfer Data: [B-Y]
00:00:01		Processing Demands...
00:00:00		Update Demands...
00:00:12		Reg_Scen: COM_FR
00:00:00		VEDA To TIMES I...
00:00:12		Updating SysSettings...
00:00:09		VEDA To TIMES II...




---------------------------------------------------------------------------------
Import Task list and their taken time on 03/10/2017 12:54:14
---------------------------------------------------------------------------------

Total time taken 00:01:06

Exp. Time	Act. Time	Task (9)
00:00:25	00:00:20	B-Y: REG2_RCA
00:00:17	00:00:15	B-Y Transformation...
00:00:03	00:00:03	Transfer Data: [B-Y]
00:00:01	00:00:01	Processing Demands...
00:00:00	00:00:00	Update Demands...
00:00:12	00:00:14	Reg_Scen: COM_FR
00:00:00	00:00:00	VEDA To TIMES I...
00:00:12	00:00:12	Updating SysSettings...
00:00:09	00:00:01	VEDA To TIMES II...




---------------------------------------------------------------------------------
Import Task list and their taken time on 03/10/2017 14:26:24
---------------------------------------------------------------------------------

Total time taken 00:00:00

Exp. Time	Act. Time	Task (4)
00:00:14		Reg_Scen: COM_FR
00:00:00		VEDA To TIMES I...
00:00:12		Updating SysSettings...
00:00:01		VEDA To TIMES II...




---------------------------------------------------------------------------------
Import Task list and their taken time on 03/10/2017 14:26:50
---------------------------------------------------------------------------------

Total time taken 00:00:25

Exp. Time	Act. Time	Task (4)
00:00:14	00:00:11	Reg_Scen: COM_FR
00:00:00	00:00:01	VEDA To TIMES I...
00:00:12	00:00:12	Updating SysSettings...
00:00:01	00:00:01	VEDA To TIMES II...




---------------------------------------------------------------------------------
Import Task list and their taken time on 03/10/2017 14:43:43
---------------------------------------------------------------------------------

Total time taken 00:00:00

Exp. Time	Act. Time	Task (4)
00:00:11		Reg_Scen: COM_FR
00:00:01		VEDA To TIMES I...
00:00:12		Updating SysSettings...
00:00:01		VEDA To TIMES II...




---------------------------------------------------------------------------------
Import Task list and their taken time on 03/10/2017 14:44:14
---------------------------------------------------------------------------------

Total time taken 00:00:29

Exp. Time	Act. Time	Task (4)
00:00:11	00:00:13	Reg_Scen: COM_FR
00:00:01	00:00:00	VEDA To TIMES I...
00:00:12	00:00:15	Updating SysSettings...
00:00:01	00:00:01	VEDA To TIMES II...




---------------------------------------------------------------------------------
Import Task list and their taken time on 03/10/2017 14:47:10
---------------------------------------------------------------------------------

Total time taken 00:00:00

Exp. Time	Act. Time	Task (3)
00:00:00		VEDA To TIMES I...
00:00:15		Updating SysSettings...
00:00:01		VEDA To TIMES II...




---------------------------------------------------------------------------------
Import Task list and their taken time on 03/10/2017 14:47:43
---------------------------------------------------------------------------------

Total time taken 00:00:15

Exp. Time	Act. Time	Task (3)
00:00:00	00:00:00	VEDA To TIMES I...
00:00:15	00:00:13	Updating SysSettings...
00:00:01	00:00:02	VEDA To TIMES II...




---------------------------------------------------------------------------------
Import Task list and their taken time on 03/10/2017 14:49:30
---------------------------------------------------------------------------------

Total time taken 00:00:00

Exp. Time	Act. Time	Task (3)
00:00:00		VEDA To TIMES I...
00:00:13		Updating SysSettings...
00:00:02		VEDA To TIMES II...




---------------------------------------------------------------------------------
Import Task list and their taken time on 03/10/2017 14:50:04
---------------------------------------------------------------------------------

Total time taken 00:00:15

Exp. Time	Act. Time	Task (3)
00:00:00	00:00:00	VEDA To TIMES I...
00:00:13	00:00:14	Updating SysSettings...
00:00:02	00:00:01	VEDA To TIMES II...




---------------------------------------------------------------------------------
Import Task list and their taken time on 03/10/2017 14:51:49
---------------------------------------------------------------------------------

Total time taken 00:00:00

Exp. Time	Act. Time	Task (3)
00:00:00		VEDA To TIMES I...
00:00:14		Updating SysSettings...
00:00:01		VEDA To TIMES II...




---------------------------------------------------------------------------------
Import Task list and their taken time on 03/10/2017 14:52:27
---------------------------------------------------------------------------------

Total time taken 00:00:18

Exp. Time	Act. Time	Task (3)
00:00:00	00:00:00	VEDA To TIMES I...
00:00:14	00:00:17	Updating SysSettings...
00:00:01	00:00:01	VEDA To TIMES II...




---------------------------------------------------------------------------------
Import Task list and their taken time on 03/10/2017 14:57:06
---------------------------------------------------------------------------------

Total time taken 00:00:00

Exp. Time	Act. Time	Task (4)
00:00:13		Reg_Scen: COM_FR
00:00:00		VEDA To TIMES I...
00:00:17		Updating SysSettings...
00:00:01		VEDA To TIMES II...




---------------------------------------------------------------------------------
Import Task list and their taken time on 03/10/2017 14:57:35
---------------------------------------------------------------------------------

Total time taken 00:00:28

Exp. Time	Act. Time	Task (4)
00:00:13	00:00:11	Reg_Scen: COM_FR
00:00:00	00:00:00	VEDA To TIMES I...
00:00:17	00:00:16	Updating SysSettings...
00:00:01	00:00:01	VEDA To TIMES II...




---------------------------------------------------------------------------------
Import Task list and their taken time on 03/10/2017 15:07:09
---------------------------------------------------------------------------------

Total time taken 00:00:00

Exp. Time	Act. Time	Task (4)
00:00:11		Reg_Scen: COM_FR
00:00:00		VEDA To TIMES I...
00:00:16		Updating SysSettings...
00:00:01		VEDA To TIMES II...




---------------------------------------------------------------------------------
Import Task list and their taken time on 03/10/2017 15:07:38
---------------------------------------------------------------------------------

Total time taken 00:00:28

Exp. Time	Act. Time	Task (4)
00:00:11	00:00:12	Reg_Scen: COM_FR
00:00:00	00:00:00	VEDA To TIMES I...
00:00:16	00:00:15	Updating SysSettings...
00:00:01	00:00:01	VEDA To TIMES II...




---------------------------------------------------------------------------------
Import Task list and their taken time on 03/10/2017 15:14:40
---------------------------------------------------------------------------------

Total time taken 00:00:00

Exp. Time	Act. Time	Task (4)
00:00:12		Reg_Scen: COM_FR
00:00:00		VEDA To TIMES I...
00:00:15		Updating SysSettings...
00:00:01		VEDA To TIMES II...




---------------------------------------------------------------------------------
Import Task list and their taken time on 03/10/2017 15:15:10
---------------------------------------------------------------------------------

Total time taken 00:00:29

Exp. Time	Act. Time	Task (4)
00:00:12	00:00:13	Reg_Scen: COM_FR
00:00:00	00:00:00	VEDA To TIMES I...
00:00:15	00:00:14	Updating SysSettings...
00:00:01	00:00:02	VEDA To TIMES II...




---------------------------------------------------------------------------------
Import Task list and their taken time on 03/10/2017 15:41:58
---------------------------------------------------------------------------------

Total time taken 00:00:00

Exp. Time	Act. Time	Task (4)
00:00:13		Reg_Scen: COM_FR
00:00:00		VEDA To TIMES I...
00:00:14		Updating SysSettings...
00:00:02		VEDA To TIMES II...




---------------------------------------------------------------------------------
Import Task list and their taken time on 03/10/2017 15:42:26
---------------------------------------------------------------------------------

Total time taken 00:00:27

Exp. Time	Act. Time	Task (4)
00:00:13	00:00:12	Reg_Scen: COM_FR
00:00:00	00:00:00	VEDA To TIMES I...
00:00:14	00:00:14	Updating SysSettings...
00:00:02	00:00:01	VEDA To TIMES II...




---------------------------------------------------------------------------------
Import Task list and their taken time on 03/10/2017 15:49:30
---------------------------------------------------------------------------------

Total time taken 00:00:00

Exp. Time	Act. Time	Task (4)
00:00:12		Reg_Scen: COM_FR
00:00:00		VEDA To TIMES I...
00:00:14		Updating SysSettings...
00:00:01		VEDA To TIMES II...




---------------------------------------------------------------------------------
Import Task list and their taken time on 03/10/2017 15:49:59
---------------------------------------------------------------------------------

Total time taken 00:00:28

Exp. Time	Act. Time	Task (4)
00:00:12	00:00:12	Reg_Scen: COM_FR
00:00:00	00:00:00	VEDA To TIMES I...
00:00:14	00:00:15	Updating SysSettings...
00:00:01	00:00:01	VEDA To TIMES II...




---------------------------------------------------------------------------------
Import Task list and their taken time on 03/10/2017 15:54:52
---------------------------------------------------------------------------------

Total time taken 00:00:00

Exp. Time	Act. Time	Task (4)
00:00:12		Reg_Scen: COM_FR
00:00:00		VEDA To TIMES I...
00:00:15		Updating SysSettings...
00:00:01		VEDA To TIMES II...




---------------------------------------------------------------------------------
Import Task list and their taken time on 03/10/2017 15:55:24
---------------------------------------------------------------------------------

Total time taken 00:00:32

Exp. Time	Act. Time	Task (4)
00:00:12	00:00:15	Reg_Scen: COM_FR
00:00:00	00:00:00	VEDA To TIMES I...
00:00:15	00:00:15	Updating SysSettings...
00:00:01	00:00:02	VEDA To TIMES II...




---------------------------------------------------------------------------------
Import Task list and their taken time on 03/10/2017 16:07:53
---------------------------------------------------------------------------------

Total time taken 00:00:00

Exp. Time	Act. Time	Task (4)
00:00:15		Reg_Scen: COM_FR
00:00:00		VEDA To TIMES I...
00:00:15		Updating SysSettings...
00:00:02		VEDA To TIMES II...




---------------------------------------------------------------------------------
Import Task list and their taken time on 03/10/2017 16:08:20
---------------------------------------------------------------------------------

Total time taken 00:00:27

Exp. Time	Act. Time	Task (4)
00:00:15	00:00:12	Reg_Scen: COM_FR
00:00:00	00:00:00	VEDA To TIMES I...
00:00:15	00:00:14	Updating SysSettings...
00:00:02	00:00:01	VEDA To TIMES II...




---------------------------------------------------------------------------------
Import Task list and their taken time on 04/10/2017 12:34:59
---------------------------------------------------------------------------------

Total time taken 00:00:00

Exp. Time	Act. Time	Task (8)
00:00:16		SR: NewTechs-Storage
00:00:06		SR Transformation: NewTechs-Storage
00:00:03		Transfer Data: [SR]
00:00:01		Processing Demands...
00:00:00		Update Demands...
00:00:00		VEDA To TIMES I...
00:00:14		Updating SysSettings...
00:00:01		VEDA To TIMES II...




---------------------------------------------------------------------------------
Import Task list and their taken time on 04/10/2017 12:35:53
---------------------------------------------------------------------------------

Total time taken 00:00:50

Exp. Time	Act. Time	Task (8)
00:00:16	00:00:17	SR: NewTechs-Storage
00:00:06	00:00:08	SR Transformation: NewTechs-Storage
00:00:03	00:00:03	Transfer Data: [SR]
00:00:01	00:00:01	Processing Demands...
00:00:00	00:00:00	Update Demands...
00:00:00	00:00:00	VEDA To TIMES I...
00:00:14	00:00:18	Updating SysSettings...
00:00:01	00:00:03	VEDA To TIMES II...




---------------------------------------------------------------------------------
Import Task list and their taken time on 04/10/2017 14:23:36
---------------------------------------------------------------------------------

Total time taken 00:00:00

Exp. Time	Act. Time	Task (8)
UnKnown		SR: HydPum-Storage
UnKnown		SR Transformation: HydPum-Storage
00:00:03		Transfer Data: [SR]
00:00:01		Processing Demands...
00:00:00		Update Demands...
00:00:00		VEDA To TIMES I...
00:00:18		Updating SysSettings...
00:00:03		VEDA To TIMES II...




---------------------------------------------------------------------------------
Import Task list and their taken time on 04/10/2017 14:24:33
---------------------------------------------------------------------------------

Total time taken 00:00:53

Exp. Time	Act. Time	Task (8)
UnKnown	00:00:20	SR: HydPum-Storage
UnKnown	00:00:10	SR Transformation: HydPum-Storage
00:00:03	00:00:04	Transfer Data: [SR]
00:00:01	00:00:00	Processing Demands...
00:00:00	00:00:01	Update Demands...
00:00:00	00:00:00	VEDA To TIMES I...
00:00:18	00:00:16	Updating SysSettings...
00:00:03	00:00:02	VEDA To TIMES II...




---------------------------------------------------------------------------------
Import Task list and their taken time on 04/10/2017 14:35:12
---------------------------------------------------------------------------------

Total time taken 00:00:00

Exp. Time	Act. Time	Task (8)
UnKnown		SR: Storage-HydPum
UnKnown		SR Transformation: Storage-HydPum
00:00:04		Transfer Data: [SR]
00:00:00		Processing Demands...
00:00:01		Update Demands...
00:00:00		VEDA To TIMES I...
00:00:16		Updating SysSettings...
00:00:02		VEDA To TIMES II...




---------------------------------------------------------------------------------
Import Task list and their taken time on 04/10/2017 14:36:17
---------------------------------------------------------------------------------

Total time taken 00:01:00

Exp. Time	Act. Time	Task (8)
UnKnown	00:00:21	SR: Storage-HydPum
UnKnown	00:00:12	SR Transformation: Storage-HydPum
00:00:04	00:00:03	Transfer Data: [SR]
00:00:00	00:00:01	Processing Demands...
00:00:01	00:00:00	Update Demands...
00:00:00	00:00:00	VEDA To TIMES I...
00:00:16	00:00:18	Updating SysSettings...
00:00:02	00:00:05	VEDA To TIMES II...




---------------------------------------------------------------------------------
Import Task list and their taken time on 04/10/2017 15:40:22
---------------------------------------------------------------------------------

Total time taken 00:00:00

Exp. Time	Act. Time	Task (12)
00:00:25		SR: NewTechs
00:00:13		SR Transformation: NewTechs
00:00:21		SR: Storage-HydPum
00:00:12		SR Transformation: Storage-HydPum
UnKnown		SR: Storage-NST_Car
UnKnown		SR Transformation: Storage-NST_Car
00:00:03		Transfer Data: [SR]
00:00:01		Processing Demands...
00:00:00		Update Demands...
00:00:00		VEDA To TIMES I...
00:00:18		Updating SysSettings...
00:00:05		VEDA To TIMES II...




---------------------------------------------------------------------------------
Import Task list and their taken time on 04/10/2017 15:42:20
---------------------------------------------------------------------------------

Total time taken 00:01:52

Exp. Time	Act. Time	Task (12)
00:00:25	00:00:25	SR: NewTechs
00:00:13	00:00:14	SR Transformation: NewTechs
00:00:21	00:00:16	SR: Storage-HydPum
00:00:12	00:00:08	SR Transformation: Storage-HydPum
UnKnown	00:00:18	SR: Storage-NST_Car
UnKnown	00:00:07	SR Transformation: Storage-NST_Car
00:00:03	00:00:04	Transfer Data: [SR]
00:00:01	00:00:01	Processing Demands...
00:00:00	00:00:00	Update Demands...
00:00:00	00:00:00	VEDA To TIMES I...
00:00:18	00:00:15	Updating SysSettings...
00:00:05	00:00:04	VEDA To TIMES II...




---------------------------------------------------------------------------------
Import Task list and their taken time on 04/10/2017 16:19:18
---------------------------------------------------------------------------------

Total time taken 00:00:00

Exp. Time	Act. Time	Task (8)
00:00:18		SR: Storage-NST_Car
00:00:07		SR Transformation: Storage-NST_Car
00:00:04		Transfer Data: [SR]
00:00:01		Processing Demands...
00:00:00		Update Demands...
00:00:00		VEDA To TIMES I...
00:00:15		Updating SysSettings...
00:00:04		VEDA To TIMES II...




---------------------------------------------------------------------------------
Import Task list and their taken time on 04/10/2017 16:20:10
---------------------------------------------------------------------------------

Total time taken 00:00:48

Exp. Time	Act. Time	Task (8)
00:00:18	00:00:17	SR: Storage-NST_Car
00:00:07	00:00:08	SR Transformation: Storage-NST_Car
00:00:04	00:00:03	Transfer Data: [SR]
00:00:01	00:00:01	Processing Demands...
00:00:00	00:00:00	Update Demands...
00:00:00	00:00:01	VEDA To TIMES I...
00:00:15	00:00:14	Updating SysSettings...
00:00:04	00:00:04	VEDA To TIMES II...




---------------------------------------------------------------------------------
Import Task list and their taken time on 04/10/2017 16:31:57
---------------------------------------------------------------------------------

Total time taken 00:00:00

Exp. Time	Act. Time	Task (4)
UnKnown		Reg_Scen: NST_Cars
00:00:01		VEDA To TIMES I...
00:00:14		Updating SysSettings...
00:00:04		VEDA To TIMES II...




---------------------------------------------------------------------------------
Import Task list and their taken time on 04/10/2017 16:32:29
---------------------------------------------------------------------------------

Total time taken 00:00:30

Exp. Time	Act. Time	Task (4)
UnKnown	00:00:10	Reg_Scen: NST_Cars
00:00:01	00:00:00	VEDA To TIMES I...
00:00:14	00:00:16	Updating SysSettings...
00:00:04	00:00:04	VEDA To TIMES II...




---------------------------------------------------------------------------------
Import Task list and their taken time on 04/10/2017 16:34:18
---------------------------------------------------------------------------------

Total time taken 00:00:00

Exp. Time	Act. Time	Task (4)
00:00:10		Reg_Scen: NST_Cars
00:00:00		VEDA To TIMES I...
00:00:16		Updating SysSettings...
00:00:04		VEDA To TIMES II...




---------------------------------------------------------------------------------
Import Task list and their taken time on 04/10/2017 16:34:50
---------------------------------------------------------------------------------

Total time taken 00:00:29

Exp. Time	Act. Time	Task (4)
00:00:10	00:00:09	Reg_Scen: NST_Cars
00:00:00	00:00:00	VEDA To TIMES I...
00:00:16	00:00:16	Updating SysSettings...
00:00:04	00:00:04	VEDA To TIMES II...




---------------------------------------------------------------------------------
Import Task list and their taken time on 04/10/2017 17:08:39
---------------------------------------------------------------------------------

Total time taken 00:00:00

Exp. Time	Act. Time	Task (11)
00:00:11		B-Y: REG2_TRA
00:00:15		B-Y Transformation...
00:00:25		SR: NewTechs
00:00:14		SR Transformation: NewTechs
00:00:03		Transfer Data: [B-Y] + [SR]
00:00:01		Processing Demands...
00:00:00		Update Demands...
00:00:09		Reg_Scen: NST_Cars
00:00:00		VEDA To TIMES I...
00:00:16		Updating SysSettings...
00:00:04		VEDA To TIMES II...




---------------------------------------------------------------------------------
Import Task list and their taken time on 04/10/2017 17:10:30
---------------------------------------------------------------------------------

Total time taken 00:01:40

Exp. Time	Act. Time	Task (11)
00:00:11	00:00:11	B-Y: REG2_TRA
00:00:15	00:00:16	B-Y Transformation...
00:00:25	00:00:24	SR: NewTechs
00:00:14	00:00:14	SR Transformation: NewTechs
00:00:03	00:00:04	Transfer Data: [B-Y] + [SR]
00:00:01	00:00:00	Processing Demands...
00:00:00	00:00:00	Update Demands...
00:00:09	00:00:09	Reg_Scen: NST_Cars
00:00:00	00:00:01	VEDA To TIMES I...
00:00:16	00:00:15	Updating SysSettings...
00:00:04	00:00:06	VEDA To TIMES II...




---------------------------------------------------------------------------------
Import Task list and their taken time on 05/10/2017 13:58:58
---------------------------------------------------------------------------------

Total time taken 00:00:00

Exp. Time	Act. Time	Task (8)
00:00:17		SR: Storage-NST_Car
00:00:08		SR Transformation: Storage-NST_Car
00:00:04		Transfer Data: [SR]
00:00:00		Processing Demands...
00:00:00		Update Demands...
00:00:01		VEDA To TIMES I...
00:00:15		Updating SysSettings...
00:00:06		VEDA To TIMES II...




---------------------------------------------------------------------------------
Import Task list and their taken time on 05/10/2017 13:59:52
---------------------------------------------------------------------------------

Total time taken 00:00:48

Exp. Time	Act. Time	Task (8)
00:00:17	00:00:17	SR: Storage-NST_Car
00:00:08	00:00:07	SR Transformation: Storage-NST_Car
00:00:04	00:00:03	Transfer Data: [SR]
00:00:00	00:00:01	Processing Demands...
00:00:00	00:00:00	Update Demands...
00:00:01	00:00:00	VEDA To TIMES I...
00:00:15	00:00:14	Updating SysSettings...
00:00:06	00:00:06	VEDA To TIMES II...




---------------------------------------------------------------------------------
Import Task list and their taken time on 05/10/2017 15:33:37
---------------------------------------------------------------------------------

Total time taken 00:00:00

Exp. Time	Act. Time	Task (8)
00:00:17		SR: Storage-NST_Car
00:00:07		SR Transformation: Storage-NST_Car
00:00:03		Transfer Data: [SR]
00:00:01		Processing Demands...
00:00:00		Update Demands...
00:00:00		VEDA To TIMES I...
00:00:14		Updating SysSettings...
00:00:06		VEDA To TIMES II...




---------------------------------------------------------------------------------
Import Task list and their taken time on 05/10/2017 15:34:32
---------------------------------------------------------------------------------

Total time taken 00:00:50

Exp. Time	Act. Time	Task (8)
00:00:17	00:00:19	SR: Storage-NST_Car
00:00:07	00:00:07	SR Transformation: Storage-NST_Car
00:00:03	00:00:04	Transfer Data: [SR]
00:00:01	00:00:01	Processing Demands...
00:00:00	00:00:00	Update Demands...
00:00:00	00:00:00	VEDA To TIMES I...
00:00:14	00:00:15	Updating SysSettings...
00:00:06	00:00:04	VEDA To TIMES II...




---------------------------------------------------------------------------------
Import Task list and their taken time on 10/10/2017 10:32:17
---------------------------------------------------------------------------------

Total time taken 00:00:00

Exp. Time	Act. Time	Task (8)
00:00:19		SR: Storage-NST_Car
00:00:07		SR Transformation: Storage-NST_Car
00:00:04		Transfer Data: [SR]
00:00:01		Processing Demands...
00:00:00		Update Demands...
00:00:00		VEDA To TIMES I...
00:00:15		Updating SysSettings...
00:00:04		VEDA To TIMES II...




---------------------------------------------------------------------------------
Import Task list and their taken time on 10/10/2017 10:33:10
---------------------------------------------------------------------------------

Total time taken 00:00:44

Exp. Time	Act. Time	Task (8)
00:00:19	00:00:16	SR: Storage-NST_Car
00:00:07	00:00:07	SR Transformation: Storage-NST_Car
00:00:04	00:00:04	Transfer Data: [SR]
00:00:01	00:00:00	Processing Demands...
00:00:00	00:00:00	Update Demands...
00:00:00	00:00:00	VEDA To TIMES I...
00:00:15	00:00:14	Updating SysSettings...
00:00:04	00:00:03	VEDA To TIMES II...




---------------------------------------------------------------------------------
Import Task list and their taken time on 10/10/2017 10:40:09
---------------------------------------------------------------------------------

Total time taken 00:00:00

Exp. Time	Act. Time	Task (11)
00:00:14		B-Y: REG1_TRA
00:00:11		B-Y: REG2_TRA
00:00:16		B-Y Transformation...
00:00:16		SR: Storage-NST_Car
00:00:07		SR Transformation: Storage-NST_Car
00:00:04		Transfer Data: [B-Y] + [SR]
00:00:00		Processing Demands...
00:00:00		Update Demands...
00:00:00		VEDA To TIMES I...
00:00:14		Updating SysSettings...
00:00:03		VEDA To TIMES II...




---------------------------------------------------------------------------------
Import Task list and their taken time on 10/10/2017 10:42:38
---------------------------------------------------------------------------------

Total time taken 00:02:18

Exp. Time	Act. Time	Task (11)
00:00:14	00:00:18	B-Y: REG1_TRA
00:00:11	00:00:20	B-Y: REG2_TRA
00:00:16	00:00:23	B-Y Transformation...
00:00:16	00:00:29	SR: Storage-NST_Car
00:00:07	00:00:16	SR Transformation: Storage-NST_Car
00:00:04	00:00:05	Transfer Data: [B-Y] + [SR]
00:00:00	00:00:01	Processing Demands...
00:00:00	00:00:00	Update Demands...
00:00:00	00:00:00	VEDA To TIMES I...
00:00:14	00:00:23	Updating SysSettings...
00:00:03	00:00:03	VEDA To TIMES II...




---------------------------------------------------------------------------------
Import Task list and their taken time on 10/10/2017 10:49:09
---------------------------------------------------------------------------------

Total time taken 00:00:00

Exp. Time	Act. Time	Task (3)
00:00:00		VEDA To TIMES I...
00:00:23		Updating SysSettings...
00:00:03		VEDA To TIMES II...




---------------------------------------------------------------------------------
Import Task list and their taken time on 10/10/2017 11:27:57
---------------------------------------------------------------------------------

Total time taken 00:00:00

Exp. Time	Act. Time	Task (3)
00:00:00		VEDA To TIMES I...
00:00:23		Updating SysSettings...
00:00:03		VEDA To TIMES II...




---------------------------------------------------------------------------------
Import Task list and their taken time on 10/10/2017 11:28:20
---------------------------------------------------------------------------------

Total time taken 00:00:16

Exp. Time	Act. Time	Task (3)
00:00:00	00:00:00	VEDA To TIMES I...
00:00:23	00:00:14	Updating SysSettings...
00:00:03	00:00:02	VEDA To TIMES II...




---------------------------------------------------------------------------------
Import Task list and their taken time on 10/10/2017 11:37:05
---------------------------------------------------------------------------------

Total time taken 00:00:00

Exp. Time	Act. Time	Task (8)
00:00:29		SR: Storage-NST_Car
00:00:16		SR Transformation: Storage-NST_Car
00:00:05		Transfer Data: [SR]
00:00:01		Processing Demands...
00:00:00		Update Demands...
00:00:00		VEDA To TIMES I...
00:00:14		Updating SysSettings...
00:00:02		VEDA To TIMES II...




---------------------------------------------------------------------------------
Import Task list and their taken time on 10/10/2017 11:37:55
---------------------------------------------------------------------------------

Total time taken 00:00:44

Exp. Time	Act. Time	Task (8)
00:00:29	00:00:16	SR: Storage-NST_Car
00:00:16	00:00:07	SR Transformation: Storage-NST_Car
00:00:05	00:00:03	Transfer Data: [SR]
00:00:01	00:00:01	Processing Demands...
00:00:00	00:00:00	Update Demands...
00:00:00	00:00:01	VEDA To TIMES I...
00:00:14	00:00:13	Updating SysSettings...
00:00:02	00:00:03	VEDA To TIMES II...




---------------------------------------------------------------------------------
Import Task list and their taken time on 10/10/2017 11:48:04
---------------------------------------------------------------------------------

Total time taken 00:00:00

Exp. Time	Act. Time	Task (4)
00:00:09		Reg_Scen: NST_Cars
00:00:01		VEDA To TIMES I...
00:00:13		Updating SysSettings...
00:00:03		VEDA To TIMES II...




---------------------------------------------------------------------------------
Import Task list and their taken time on 10/10/2017 11:48:32
---------------------------------------------------------------------------------

Total time taken 00:00:24

Exp. Time	Act. Time	Task (4)
00:00:09	00:00:09	Reg_Scen: NST_Cars
00:00:01	00:00:00	VEDA To TIMES I...
00:00:13	00:00:13	Updating SysSettings...
00:00:03	00:00:02	VEDA To TIMES II...




---------------------------------------------------------------------------------
Import Task list and their taken time on 10/10/2017 12:05:00
---------------------------------------------------------------------------------

Total time taken 00:00:00

Exp. Time	Act. Time	Task (8)
00:00:16		SR: Storage-HydPum
00:00:08		SR Transformation: Storage-HydPum
00:00:03		Transfer Data: [SR]
00:00:01		Processing Demands...
00:00:00		Update Demands...
00:00:00		VEDA To TIMES I...
00:00:13		Updating SysSettings...
00:00:02		VEDA To TIMES II...




---------------------------------------------------------------------------------
Import Task list and their taken time on 10/10/2017 12:05:51
---------------------------------------------------------------------------------

Total time taken 00:00:44

Exp. Time	Act. Time	Task (8)
00:00:16	00:00:17	SR: Storage-HydPum
00:00:08	00:00:07	SR Transformation: Storage-HydPum
00:00:03	00:00:04	Transfer Data: [SR]
00:00:01	00:00:00	Processing Demands...
00:00:00	00:00:00	Update Demands...
00:00:00	00:00:00	VEDA To TIMES I...
00:00:13	00:00:13	Updating SysSettings...
00:00:02	00:00:03	VEDA To TIMES II...




---------------------------------------------------------------------------------
Import Task list and their taken time on 10/10/2017 12:11:56
---------------------------------------------------------------------------------

Total time taken 00:00:00

Exp. Time	Act. Time	Task (8)
00:00:17		SR: Storage-HydPum
00:00:07		SR Transformation: Storage-HydPum
00:00:04		Transfer Data: [SR]
00:00:00		Processing Demands...
00:00:00		Update Demands...
00:00:00		VEDA To TIMES I...
00:00:13		Updating SysSettings...
00:00:03		VEDA To TIMES II...




---------------------------------------------------------------------------------
Import Task list and their taken time on 10/10/2017 12:12:46
---------------------------------------------------------------------------------

Total time taken 00:00:43

Exp. Time	Act. Time	Task (8)
00:00:17	00:00:16	SR: Storage-HydPum
00:00:07	00:00:07	SR Transformation: Storage-HydPum
00:00:04	00:00:03	Transfer Data: [SR]
00:00:00	00:00:01	Processing Demands...
00:00:00	00:00:00	Update Demands...
00:00:00	00:00:00	VEDA To TIMES I...
00:00:13	00:00:13	Updating SysSettings...
00:00:03	00:00:03	VEDA To TIMES II...




---------------------------------------------------------------------------------
Import Task list and their taken time on 10/10/2017 12:15:50
---------------------------------------------------------------------------------

Total time taken 00:00:00

Exp. Time	Act. Time	Task (8)
00:00:16		SR: Storage-HydPum
00:00:07		SR Transformation: Storage-HydPum
00:00:03		Transfer Data: [SR]
00:00:01		Processing Demands...
00:00:00		Update Demands...
00:00:00		VEDA To TIMES I...
00:00:13		Updating SysSettings...
00:00:03		VEDA To TIMES II...




---------------------------------------------------------------------------------
Import Task list and their taken time on 10/10/2017 12:16:40
---------------------------------------------------------------------------------

Total time taken 00:00:44

Exp. Time	Act. Time	Task (8)
00:00:16	00:00:17	SR: Storage-HydPum
00:00:07	00:00:07	SR Transformation: Storage-HydPum
00:00:03	00:00:03	Transfer Data: [SR]
00:00:01	00:00:01	Processing Demands...
00:00:00	00:00:00	Update Demands...
00:00:00	00:00:00	VEDA To TIMES I...
00:00:13	00:00:13	Updating SysSettings...
00:00:03	00:00:03	VEDA To TIMES II...




---------------------------------------------------------------------------------
Import Task list and their taken time on 10/10/2017 12:18:26
---------------------------------------------------------------------------------

Total time taken 00:00:00

Exp. Time	Act. Time	Task (8)
00:00:17		SR: Storage-HydPum
00:00:07		SR Transformation: Storage-HydPum
00:00:03		Transfer Data: [SR]
00:00:01		Processing Demands...
00:00:00		Update Demands...
00:00:00		VEDA To TIMES I...
00:00:13		Updating SysSettings...
00:00:03		VEDA To TIMES II...




---------------------------------------------------------------------------------
Import Task list and their taken time on 10/10/2017 12:19:21
---------------------------------------------------------------------------------

Total time taken 00:00:48

Exp. Time	Act. Time	Task (8)
00:00:17	00:00:19	SR: Storage-HydPum
00:00:07	00:00:09	SR Transformation: Storage-HydPum
00:00:03	00:00:03	Transfer Data: [SR]
00:00:01	00:00:01	Processing Demands...
00:00:00	00:00:00	Update Demands...
00:00:00	00:00:00	VEDA To TIMES I...
00:00:13	00:00:13	Updating SysSettings...
00:00:03	00:00:03	VEDA To TIMES II...




---------------------------------------------------------------------------------
Import Task list and their taken time on 10/10/2017 12:50:31
---------------------------------------------------------------------------------

Total time taken 00:00:00

Exp. Time	Act. Time	Task (8)
00:00:19		SR: Storage-HydPum
00:00:09		SR Transformation: Storage-HydPum
00:00:03		Transfer Data: [SR]
00:00:01		Processing Demands...
00:00:00		Update Demands...
00:00:00		VEDA To TIMES I...
00:00:13		Updating SysSettings...
00:00:03		VEDA To TIMES II...




---------------------------------------------------------------------------------
Import Task list and their taken time on 10/10/2017 12:51:20
---------------------------------------------------------------------------------

Total time taken 00:00:42

Exp. Time	Act. Time	Task (8)
00:00:19	00:00:16	SR: Storage-HydPum
00:00:09	00:00:07	SR Transformation: Storage-HydPum
00:00:03	00:00:03	Transfer Data: [SR]
00:00:01	00:00:01	Processing Demands...
00:00:00	00:00:00	Update Demands...
00:00:00	00:00:00	VEDA To TIMES I...
00:00:13	00:00:13	Updating SysSettings...
00:00:03	00:00:02	VEDA To TIMES II...




---------------------------------------------------------------------------------
Import Task list and their taken time on 10/10/2017 14:34:13
---------------------------------------------------------------------------------

Total time taken 00:00:00

Exp. Time	Act. Time	Task (8)
00:00:16		SR: Storage-HydPum
00:00:07		SR Transformation: Storage-HydPum
00:00:03		Transfer Data: [SR]
00:00:01		Processing Demands...
00:00:00		Update Demands...
00:00:00		VEDA To TIMES I...
00:00:13		Updating SysSettings...
00:00:02		VEDA To TIMES II...




---------------------------------------------------------------------------------
Import Task list and their taken time on 10/10/2017 14:35:13
---------------------------------------------------------------------------------

Total time taken 00:00:53

Exp. Time	Act. Time	Task (8)
00:00:16	00:00:19	SR: Storage-HydPum
00:00:07	00:00:10	SR Transformation: Storage-HydPum
00:00:03	00:00:06	Transfer Data: [SR]
00:00:01	00:00:01	Processing Demands...
00:00:00	00:00:00	Update Demands...
00:00:00	00:00:00	VEDA To TIMES I...
00:00:13	00:00:14	Updating SysSettings...
00:00:02	00:00:03	VEDA To TIMES II...




---------------------------------------------------------------------------------
Import Task list and their taken time on 10/10/2017 14:45:27
---------------------------------------------------------------------------------

Total time taken 00:00:00

Exp. Time	Act. Time	Task (8)
00:00:19		SR: Storage-HydPum
00:00:10		SR Transformation: Storage-HydPum
00:00:06		Transfer Data: [SR]
00:00:01		Processing Demands...
00:00:00		Update Demands...
00:00:00		VEDA To TIMES I...
00:00:14		Updating SysSettings...
00:00:03		VEDA To TIMES II...




---------------------------------------------------------------------------------
Import Task list and their taken time on 10/10/2017 14:46:17
---------------------------------------------------------------------------------

Total time taken 00:00:44

Exp. Time	Act. Time	Task (8)
00:00:19	00:00:16	SR: Storage-HydPum
00:00:10	00:00:08	SR Transformation: Storage-HydPum
00:00:06	00:00:03	Transfer Data: [SR]
00:00:01	00:00:01	Processing Demands...
00:00:00	00:00:00	Update Demands...
00:00:00	00:00:00	VEDA To TIMES I...
00:00:14	00:00:13	Updating SysSettings...
00:00:03	00:00:03	VEDA To TIMES II...




---------------------------------------------------------------------------------
Import Task list and their taken time on 10/10/2017 15:53:58
---------------------------------------------------------------------------------

Total time taken 00:00:00

Exp. Time	Act. Time	Task (8)
00:00:16		SR: Storage-HydPum
00:00:08		SR Transformation: Storage-HydPum
00:00:03		Transfer Data: [SR]
00:00:01		Processing Demands...
00:00:00		Update Demands...
00:00:00		VEDA To TIMES I...
00:00:13		Updating SysSettings...
00:00:03		VEDA To TIMES II...




---------------------------------------------------------------------------------
Import Task list and their taken time on 10/10/2017 15:54:48
---------------------------------------------------------------------------------

Total time taken 00:00:43

Exp. Time	Act. Time	Task (8)
00:00:16	00:00:16	SR: Storage-HydPum
00:00:08	00:00:07	SR Transformation: Storage-HydPum
00:00:03	00:00:03	Transfer Data: [SR]
00:00:01	00:00:01	Processing Demands...
00:00:00	00:00:00	Update Demands...
00:00:00	00:00:00	VEDA To TIMES I...
00:00:13	00:00:13	Updating SysSettings...
00:00:03	00:00:03	VEDA To TIMES II...




---------------------------------------------------------------------------------
Import Task list and their taken time on 10/10/2017 16:05:57
---------------------------------------------------------------------------------

Total time taken 00:00:00

Exp. Time	Act. Time	Task (8)
00:00:16		SR: Storage-HydPum
00:00:07		SR Transformation: Storage-HydPum
00:00:03		Transfer Data: [SR]
00:00:01		Processing Demands...
00:00:00		Update Demands...
00:00:00		VEDA To TIMES I...
00:00:13		Updating SysSettings...
00:00:03		VEDA To TIMES II...




---------------------------------------------------------------------------------
Import Task list and their taken time on 10/10/2017 16:06:49
---------------------------------------------------------------------------------

Total time taken 00:00:46

Exp. Time	Act. Time	Task (8)
00:00:16	00:00:16	SR: Storage-HydPum
00:00:07	00:00:09	SR Transformation: Storage-HydPum
00:00:03	00:00:04	Transfer Data: [SR]
00:00:01	00:00:00	Processing Demands...
00:00:00	00:00:00	Update Demands...
00:00:00	00:00:00	VEDA To TIMES I...
00:00:13	00:00:14	Updating SysSettings...
00:00:03	00:00:03	VEDA To TIMES II...




---------------------------------------------------------------------------------
Import Task list and their taken time on 10/10/2017 16:30:24
---------------------------------------------------------------------------------

Total time taken 00:00:00

Exp. Time	Act. Time	Task (72)
00:00:21		B-Y: REG1_ELC
00:00:15		B-Y: REG1_IND
00:00:22		B-Y: REG1_PRI
00:00:25		B-Y: REG1_RCA
00:00:18		B-Y: REG1_TRA
00:00:15		B-Y: REG2_ELC
00:00:14		B-Y: REG2_IND
00:00:22		B-Y: REG2_PRI
00:00:20		B-Y: REG2_RCA
00:00:20		B-Y: REG2_TRA
00:00:23		B-Y Transformation...
00:00:19		SR: New-CHP-DH
00:00:07		SR Transformation: New-CHP-DH
00:00:21		SR: New-IND
00:00:15		SR Transformation: New-IND
00:00:17		SR: NewTechs-SolWin
00:00:15		SR Transformation: NewTechs-SolWin
00:00:24		SR: NewTechs
00:00:14		SR Transformation: NewTechs
00:00:16		SR: Storage-HydPum
00:00:09		SR Transformation: Storage-HydPum
00:00:16		SR: Storage-NST_Car
00:00:07		SR Transformation: Storage-NST_Car
00:00:04		Transfer Data: [B-Y] + [SR]
00:00:13		Demand: Dem_Alloc+Series
00:00:12		Demand: DEM_Ref
00:00:07		Trade_Scen: _Trade_Links
00:00:16		Trade_Scen: TRADE_PARAM
00:00:00		Update Trades...
00:00:20		Reg_Scen: BND_PPFOSSIL
00:00:10		Reg_Scen: BOUNDS-UC_WSETS
00:00:10		Reg_Scen: CO2_TAX
00:00:12		Reg_Scen: COM_FR
00:00:14		Reg_Scen: Cost_Reg_Bounds
00:00:10		Reg_Scen: Cost_Reg_Cum
00:00:15		Reg_Scen: Cost_UC-Subs_Reg
00:00:12		Reg_Scen: DemProj_DTCAR
00:00:11		Reg_Scen: ElasticDem
00:00:12		Reg_Scen: ELC_CO2_BOUND
00:00:11		Reg_Scen: ETL_Solar_PRAT-25
00:00:12		Reg_Scen: ETL_Solar_PRAT-30
00:00:11		Reg_Scen: ETL_Solar_PRAT-35
00:00:12		Reg_Scen: ETL_Solar_PRAT-40
00:00:12		Reg_Scen: IND_NewRES
00:00:10		Reg_Scen: MSA_Parameters
00:00:09		Reg_Scen: NST_Cars
00:00:10		Reg_Scen: NUC_DSCINV
00:00:10		Reg_Scen: Peak_RSV
00:00:13		Reg_Scen: Refinery
00:00:10		Reg_Scen: SOLAR_SUBSIDIES
00:00:10		Reg_Scen: TRA_CO2_BOUND
00:00:09		Reg_Scen: TRADSL_TAX
00:00:11		Reg_Scen: UC_CO2_REGIONS
00:00:13		Reg_Scen: UC_CO2_Regs_Stochastic
00:00:16		Reg_Scen: UC_CO2_Regs_Stochastic-10_SW1
00:00:13		Reg_Scen: UC_CO2_Regs_Stochastic-20_SW1
00:00:13		Reg_Scen: UC_CO2_Regs_Stochastic-30_SW1
00:00:15		Reg_Scen: UC_CO2_Regs_Stochastic-40_SW1
00:00:14		Reg_Scen: UC_CO2_Regs_Stochastic-50_SW1
00:00:13		Reg_Scen: UC_CO2_Regs_Stochastic-60_SW1
00:00:14		Reg_Scen: UC_CO2_Regs_Stochastic-70_SW1
00:00:14		Reg_Scen: UC_CO2_Regs_Stochastic-80-SW1
00:00:10		Reg_Scen: UC_CO2_Regs_VS_Stochastic
00:00:10		Reg_Scen: UC_CO2BND
00:00:10		Reg_Scen: UC_DH_MinProd
00:00:12		Reg_Scen: UC_Growth
00:00:09		Reg_Scen: UC_NCAP_BuildRate
00:00:16		Reg_Scen: UC_NUC_MaxCAP
00:00:17		Reg_Scen: UC_RNW_MaxCAP
00:00:00		VEDA To TIMES I...
00:00:14		Updating SysSettings...
00:00:03		VEDA To TIMES II...




---------------------------------------------------------------------------------
Import Task list and their taken time on 10/10/2017 16:44:30
---------------------------------------------------------------------------------

Total time taken 00:13:53

Exp. Time	Act. Time	Task (74)
00:00:21	00:00:17	B-Y: REG1_ELC
00:00:15	00:00:13	B-Y: REG1_IND
00:00:22	00:00:17	B-Y: REG1_PRI
00:00:25	00:00:15	B-Y: REG1_RCA
00:00:18	00:00:13	B-Y: REG1_TRA
00:00:15	00:00:17	B-Y: REG2_ELC
00:00:14	00:00:13	B-Y: REG2_IND
00:00:22	00:00:17	B-Y: REG2_PRI
00:00:20	00:00:20	B-Y: REG2_RCA
00:00:20	00:00:12	B-Y: REG2_TRA
00:00:23	00:00:15	B-Y Transformation...
00:00:19	00:00:16	SR: New-CHP-DH
00:00:07	00:00:10	SR Transformation: New-CHP-DH
00:00:21	00:00:21	SR: New-IND
00:00:15	00:00:14	SR Transformation: New-IND
00:00:17	00:00:17	SR: NewTechs-SolWin
00:00:15	00:00:12	SR Transformation: NewTechs-SolWin
00:00:24	00:00:22	SR: NewTechs
00:00:14	00:00:13	SR Transformation: NewTechs
00:00:16	00:00:16	SR: Storage-HydPum
00:00:09	00:00:07	SR Transformation: Storage-HydPum
00:00:16	00:00:16	SR: Storage-NST_Car
00:00:07	00:00:07	SR Transformation: Storage-NST_Car
00:00:04	00:00:03	Transfer Data: [B-Y] + [SR]
00:00:13	00:00:10	Demand: Dem_Alloc+Series
00:00:12	00:00:10	Demand: DEM_Ref
00:00:00	00:00:00	Processing Demands...
00:00:00	00:00:00	Update Demands...
00:00:07	00:00:07	Trade: _Trade_Links
00:00:16	00:00:14	Trade: TRADE_PARAM
00:00:00	00:00:00	Update Trades...
00:00:20	00:00:19	Reg_Scen: BND_PPFOSSIL
00:00:10	00:00:10	Reg_Scen: BOUNDS-UC_WSETS
00:00:10	00:00:08	Reg_Scen: CO2_TAX
00:00:12	00:00:11	Reg_Scen: COM_FR
00:00:14	00:00:10	Reg_Scen: Cost_Reg_Bounds
00:00:10	00:00:09	Reg_Scen: Cost_Reg_Cum
00:00:15	00:00:09	Reg_Scen: Cost_UC-Subs_Reg
00:00:12	00:00:11	Reg_Scen: DemProj_DTCAR
00:00:11	00:00:10	Reg_Scen: ElasticDem
00:00:12	00:00:09	Reg_Scen: ELC_CO2_BOUND
00:00:11	00:00:10	Reg_Scen: ETL_Solar_PRAT-25
00:00:12	00:00:11	Reg_Scen: ETL_Solar_PRAT-30
00:00:11	00:00:10	Reg_Scen: ETL_Solar_PRAT-35
00:00:12	00:00:11	Reg_Scen: ETL_Solar_PRAT-40
00:00:12	00:00:10	Reg_Scen: IND_NewRES
00:00:10	00:00:09	Reg_Scen: MSA_Parameters
00:00:09	00:00:08	Reg_Scen: NST_Cars
00:00:10	00:00:09	Reg_Scen: NUC_DSCINV
00:00:10	00:00:09	Reg_Scen: Peak_RSV
00:00:13	00:00:11	Reg_Scen: Refinery
00:00:10	00:00:09	Reg_Scen: SOLAR_SUBSIDIES
00:00:10	00:00:09	Reg_Scen: TRA_CO2_BOUND
00:00:09	00:00:09	Reg_Scen: TRADSL_TAX
00:00:11	00:00:09	Reg_Scen: UC_CO2_REGIONS
00:00:13	00:00:12	Reg_Scen: UC_CO2_Regs_Stochastic
00:00:16	00:00:11	Reg_Scen: UC_CO2_Regs_Stochastic-10_SW1
00:00:13	00:00:12	Reg_Scen: UC_CO2_Regs_Stochastic-20_SW1
00:00:13	00:00:11	Reg_Scen: UC_CO2_Regs_Stochastic-30_SW1
00:00:15	00:00:12	Reg_Scen: UC_CO2_Regs_Stochastic-40_SW1
00:00:14	00:00:12	Reg_Scen: UC_CO2_Regs_Stochastic-50_SW1
00:00:13	00:00:15	Reg_Scen: UC_CO2_Regs_Stochastic-60_SW1
00:00:14	00:00:13	Reg_Scen: UC_CO2_Regs_Stochastic-70_SW1
00:00:14	00:00:12	Reg_Scen: UC_CO2_Regs_Stochastic-80-SW1
00:00:10	00:00:10	Reg_Scen: UC_CO2_Regs_VS_Stochastic
00:00:10	00:00:10	Reg_Scen: UC_CO2BND
00:00:10	00:00:09	Reg_Scen: UC_DH_MinProd
00:00:12	00:00:11	Reg_Scen: UC_Growth
00:00:09	00:00:10	Reg_Scen: UC_NCAP_BuildRate
00:00:16	00:00:14	Reg_Scen: UC_NUC_MaxCAP
00:00:17	00:00:18	Reg_Scen: UC_RNW_MaxCAP
00:00:00	00:00:00	VEDA To TIMES I...
00:00:14	00:00:12	Updating SysSettings...
00:00:03	00:00:05	VEDA To TIMES II...




---------------------------------------------------------------------------------
Import Task list and their taken time on 11/10/2017 08:57:27
---------------------------------------------------------------------------------

Total time taken 00:00:00

Exp. Time	Act. Time	Task (13)
00:00:11		Reg_Scen: UC_CO2_Regs_Stochastic-10_SW1
00:00:12		Reg_Scen: UC_CO2_Regs_Stochastic-20_SW1
00:00:11		Reg_Scen: UC_CO2_Regs_Stochastic-30_SW1
00:00:12		Reg_Scen: UC_CO2_Regs_Stochastic-40_SW1
00:00:12		Reg_Scen: UC_CO2_Regs_Stochastic-50_SW1
00:00:15		Reg_Scen: UC_CO2_Regs_Stochastic-60_SW1
00:00:13		Reg_Scen: UC_CO2_Regs_Stochastic-70_SW1
00:00:12		Reg_Scen: UC_CO2_Regs_Stochastic-80-SW1
UnKnown		Reg_Scen: UC_CO2_Regs_Stochastic-90-SW1
00:00:10		Reg_Scen: UC_CO2_Regs_VS_Stochastic
00:00:00		VEDA To TIMES I...
00:00:12		Updating SysSettings...
00:00:05		VEDA To TIMES II...




---------------------------------------------------------------------------------
Import Task list and their taken time on 11/10/2017 09:00:24
---------------------------------------------------------------------------------

Total time taken 00:02:53

Exp. Time	Act. Time	Task (13)
00:00:11	00:00:17	Reg_Scen: UC_CO2_Regs_Stochastic-10_SW1
00:00:12	00:00:15	Reg_Scen: UC_CO2_Regs_Stochastic-20_SW1
00:00:11	00:00:14	Reg_Scen: UC_CO2_Regs_Stochastic-30_SW1
00:00:12	00:00:20	Reg_Scen: UC_CO2_Regs_Stochastic-40_SW1
00:00:12	00:00:15	Reg_Scen: UC_CO2_Regs_Stochastic-50_SW1
00:00:15	00:00:16	Reg_Scen: UC_CO2_Regs_Stochastic-60_SW1
00:00:13	00:00:15	Reg_Scen: UC_CO2_Regs_Stochastic-70_SW1
00:00:12	00:00:13	Reg_Scen: UC_CO2_Regs_Stochastic-80-SW1
UnKnown	00:00:14	Reg_Scen: UC_CO2_Regs_Stochastic-90-SW1
00:00:10	00:00:11	Reg_Scen: UC_CO2_Regs_VS_Stochastic
00:00:00	00:00:00	VEDA To TIMES I...
00:00:12	00:00:14	Updating SysSettings...
00:00:05	00:00:09	VEDA To TIMES II...




---------------------------------------------------------------------------------
Import Task list and their taken time on 11/10/2017 09:02:20
---------------------------------------------------------------------------------

Total time taken 00:00:00

Exp. Time	Act. Time	Task (13)
UnKnown		Reg_Scen: UC_CO2_Regs_Stoch-10_SW1
UnKnown		Reg_Scen: UC_CO2_Regs_Stoch-20_SW1
UnKnown		Reg_Scen: UC_CO2_Regs_Stoch-30_SW1
UnKnown		Reg_Scen: UC_CO2_Regs_Stoch-40_SW1
UnKnown		Reg_Scen: UC_CO2_Regs_Stoch-50_SW1
UnKnown		Reg_Scen: UC_CO2_Regs_Stoch-60_SW1
UnKnown		Reg_Scen: UC_CO2_Regs_Stoch-70_SW1
UnKnown		Reg_Scen: UC_CO2_Regs_Stoch-80-SW1
UnKnown		Reg_Scen: UC_CO2_Regs_Stoch-90-SW1
UnKnown		Reg_Scen: UC_CO2_Regs_VS_Stoch
00:00:00		VEDA To TIMES I...
00:00:14		Updating SysSettings...
00:00:09		VEDA To TIMES II...




---------------------------------------------------------------------------------
Import Task list and their taken time on 11/10/2017 09:04:52
---------------------------------------------------------------------------------

Total time taken 00:02:27

Exp. Time	Act. Time	Task (13)
UnKnown	00:00:13	Reg_Scen: UC_CO2_Regs_Stoch-10_SW1
UnKnown	00:00:13	Reg_Scen: UC_CO2_Regs_Stoch-20_SW1
UnKnown	00:00:15	Reg_Scen: UC_CO2_Regs_Stoch-30_SW1
UnKnown	00:00:13	Reg_Scen: UC_CO2_Regs_Stoch-40_SW1
UnKnown	00:00:13	Reg_Scen: UC_CO2_Regs_Stoch-50_SW1
UnKnown	00:00:13	Reg_Scen: UC_CO2_Regs_Stoch-60_SW1
UnKnown	00:00:13	Reg_Scen: UC_CO2_Regs_Stoch-70_SW1
UnKnown	00:00:12	Reg_Scen: UC_CO2_Regs_Stoch-80-SW1
UnKnown	00:00:14	Reg_Scen: UC_CO2_Regs_Stoch-90-SW1
UnKnown	00:00:09	Reg_Scen: UC_CO2_Regs_VS_Stoch
00:00:00	00:00:00	VEDA To TIMES I...
00:00:14	00:00:13	Updating SysSettings...
00:00:09	00:00:06	VEDA To TIMES II...




---------------------------------------------------------------------------------
Import Task list and their taken time on 13/10/2017 11:33:35
---------------------------------------------------------------------------------

Total time taken 00:00:00

Exp. Time	Act. Time	Task (74)
00:00:17		B-Y: REG1_ELC
00:00:13		B-Y: REG1_IND
00:00:17		B-Y: REG1_PRI
00:00:15		B-Y: REG1_RCA
00:00:13		B-Y: REG1_TRA
00:00:17		B-Y: REG2_ELC
00:00:13		B-Y: REG2_IND
00:00:17		B-Y: REG2_PRI
00:00:20		B-Y: REG2_RCA
00:00:12		B-Y: REG2_TRA
00:00:15		B-Y Transformation...
00:00:16		SR: New-CHP-DH
00:00:10		SR Transformation: New-CHP-DH
00:00:21		SR: New-IND
00:00:14		SR Transformation: New-IND
00:00:17		SR: NewTechs-SolWin
00:00:12		SR Transformation: NewTechs-SolWin
00:00:22		SR: NewTechs
00:00:13		SR Transformation: NewTechs
00:00:16		SR: Storage-HydPum
00:00:07		SR Transformation: Storage-HydPum
00:00:16		SR: Storage-NST_Car
00:00:07		SR Transformation: Storage-NST_Car
00:00:03		Transfer Data: [B-Y] + [SR]
00:00:10		Demand: Dem_Alloc+Series
00:00:10		Demand: DEM_Ref
00:00:00		Processing Demands...
00:00:00		Update Demands...
00:00:07		Trade_Scen: _Trade_Links
00:00:14		Trade_Scen: TRADE_PARAM
00:00:00		Update Trades...
00:00:19		Reg_Scen: BND_PPFOSSIL
00:00:10		Reg_Scen: BOUNDS-UC_WSETS
00:00:08		Reg_Scen: CO2_TAX
00:00:11		Reg_Scen: COM_FR
00:00:10		Reg_Scen: Cost_Reg_Bounds
00:00:09		Reg_Scen: Cost_Reg_Cum
00:00:09		Reg_Scen: Cost_UC-Subs_Reg
00:00:11		Reg_Scen: DemProj_DTCAR
00:00:10		Reg_Scen: ElasticDem
00:00:09		Reg_Scen: ELC_CO2_BOUND
00:00:10		Reg_Scen: ETL_Solar_PRAT-25
00:00:11		Reg_Scen: ETL_Solar_PRAT-30
00:00:10		Reg_Scen: ETL_Solar_PRAT-35
00:00:11		Reg_Scen: ETL_Solar_PRAT-40
00:00:10		Reg_Scen: IND_NewRES
00:00:09		Reg_Scen: MSA_Parameters
00:00:08		Reg_Scen: NST_Cars
00:00:09		Reg_Scen: NUC_DSCINV
00:00:09		Reg_Scen: Peak_RSV
00:00:11		Reg_Scen: Refinery
00:00:09		Reg_Scen: SOLAR_SUBSIDIES
00:00:09		Reg_Scen: TRA_CO2_BOUND
00:00:09		Reg_Scen: TRADSL_TAX
00:00:09		Reg_Scen: UC_CO2_REGIONS
00:00:13		Reg_Scen: UC_CO2_Regs_Stoch-10_SW1
00:00:13		Reg_Scen: UC_CO2_Regs_Stoch-20_SW1
00:00:15		Reg_Scen: UC_CO2_Regs_Stoch-30_SW1
00:00:13		Reg_Scen: UC_CO2_Regs_Stoch-40_SW1
00:00:13		Reg_Scen: UC_CO2_Regs_Stoch-50_SW1
00:00:13		Reg_Scen: UC_CO2_Regs_Stoch-60_SW1
00:00:13		Reg_Scen: UC_CO2_Regs_Stoch-70_SW1
00:00:12		Reg_Scen: UC_CO2_Regs_Stoch-80-SW1
00:00:14		Reg_Scen: UC_CO2_Regs_Stoch-90-SW1
00:00:09		Reg_Scen: UC_CO2_Regs_VS_Stoch
00:00:10		Reg_Scen: UC_CO2BND
00:00:09		Reg_Scen: UC_DH_MinProd
00:00:11		Reg_Scen: UC_Growth
00:00:10		Reg_Scen: UC_NCAP_BuildRate
00:00:14		Reg_Scen: UC_NUC_MaxCAP
00:00:18		Reg_Scen: UC_RNW_MaxCAP
00:00:00		VEDA To TIMES I...
00:00:13		Updating SysSettings...
00:00:06		VEDA To TIMES II...




---------------------------------------------------------------------------------
Import Task list and their taken time on 13/10/2017 11:50:07
---------------------------------------------------------------------------------

Total time taken 00:16:15

Exp. Time	Act. Time	Task (74)
00:00:17	00:00:18	B-Y: REG1_ELC
00:00:13	00:00:14	B-Y: REG1_IND
00:00:17	00:00:21	B-Y: REG1_PRI
00:00:15	00:00:23	B-Y: REG1_RCA
00:00:13	00:00:16	B-Y: REG1_TRA
00:00:17	00:00:14	B-Y: REG2_ELC
00:00:13	00:00:13	B-Y: REG2_IND
00:00:17	00:00:19	B-Y: REG2_PRI
00:00:20	00:00:22	B-Y: REG2_RCA
00:00:12	00:00:12	B-Y: REG2_TRA
00:00:15	00:00:15	B-Y Transformation...
00:00:16	00:00:19	SR: New-CHP-DH
00:00:10	00:00:09	SR Transformation: New-CHP-DH
00:00:21	00:00:19	SR: New-IND
00:00:14	00:00:16	SR Transformation: New-IND
00:00:17	00:00:18	SR: NewTechs-SolWin
00:00:12	00:00:17	SR Transformation: NewTechs-SolWin
00:00:22	00:00:23	SR: NewTechs
00:00:13	00:00:14	SR Transformation: NewTechs
00:00:16	00:00:24	SR: Storage-HydPum
00:00:07	00:00:08	SR Transformation: Storage-HydPum
00:00:16	00:00:22	SR: Storage-NST_Car
00:00:07	00:00:12	SR Transformation: Storage-NST_Car
00:00:03	00:00:04	Transfer Data: [B-Y] + [SR]
00:00:10	00:00:11	Demand: Dem_Alloc+Series
00:00:10	00:00:11	Demand: DEM_Ref
00:00:00	00:00:01	Processing Demands...
00:00:00	00:00:00	Update Demands...
00:00:07	00:00:10	Trade: _Trade_Links
00:00:14	00:00:19	Trade: TRADE_PARAM
00:00:00	00:00:00	Update Trades...
00:00:19	00:00:17	Reg_Scen: BND_PPFOSSIL
00:00:10	00:00:13	Reg_Scen: BOUNDS-UC_WSETS
00:00:08	00:00:11	Reg_Scen: CO2_TAX
00:00:11	00:00:21	Reg_Scen: COM_FR
00:00:10	00:00:12	Reg_Scen: Cost_Reg_Bounds
00:00:09	00:00:10	Reg_Scen: Cost_Reg_Cum
00:00:09	00:00:13	Reg_Scen: Cost_UC-Subs_Reg
00:00:11	00:00:12	Reg_Scen: DemProj_DTCAR
00:00:10	00:00:13	Reg_Scen: ElasticDem
00:00:09	00:00:09	Reg_Scen: ELC_CO2_BOUND
00:00:10	00:00:10	Reg_Scen: ETL_Solar_PRAT-25
00:00:11	00:00:13	Reg_Scen: ETL_Solar_PRAT-30
00:00:10	00:00:11	Reg_Scen: ETL_Solar_PRAT-35
00:00:11	00:00:14	Reg_Scen: ETL_Solar_PRAT-40
00:00:10	00:00:12	Reg_Scen: IND_NewRES
00:00:09	00:00:12	Reg_Scen: MSA_Parameters
00:00:08	00:00:09	Reg_Scen: NST_Cars
00:00:09	00:00:09	Reg_Scen: NUC_DSCINV
00:00:09	00:00:09	Reg_Scen: Peak_RSV
00:00:11	00:00:11	Reg_Scen: Refinery
00:00:09	00:00:09	Reg_Scen: SOLAR_SUBSIDIES
00:00:09	00:00:09	Reg_Scen: TRA_CO2_BOUND
00:00:09	00:00:11	Reg_Scen: TRADSL_TAX
00:00:09	00:00:11	Reg_Scen: UC_CO2_REGIONS
00:00:13	00:00:12	Reg_Scen: UC_CO2_Regs_Stoch-10_SW1
00:00:13	00:00:13	Reg_Scen: UC_CO2_Regs_Stoch-20_SW1
00:00:15	00:00:17	Reg_Scen: UC_CO2_Regs_Stoch-30_SW1
00:00:13	00:00:15	Reg_Scen: UC_CO2_Regs_Stoch-40_SW1
00:00:13	00:00:14	Reg_Scen: UC_CO2_Regs_Stoch-50_SW1
00:00:13	00:00:13	Reg_Scen: UC_CO2_Regs_Stoch-60_SW1
00:00:13	00:00:18	Reg_Scen: UC_CO2_Regs_Stoch-70_SW1
00:00:12	00:00:14	Reg_Scen: UC_CO2_Regs_Stoch-80-SW1
00:00:14	00:00:13	Reg_Scen: UC_CO2_Regs_Stoch-90-SW1
00:00:09	00:00:13	Reg_Scen: UC_CO2_Regs_VS_Stoch
00:00:10	00:00:15	Reg_Scen: UC_CO2BND
00:00:09	00:00:12	Reg_Scen: UC_DH_MinProd
00:00:11	00:00:11	Reg_Scen: UC_Growth
00:00:10	00:00:14	Reg_Scen: UC_NCAP_BuildRate
00:00:14	00:00:17	Reg_Scen: UC_NUC_MaxCAP
00:00:18	00:00:17	Reg_Scen: UC_RNW_MaxCAP
00:00:00	00:00:00	VEDA To TIMES I...
00:00:13	00:00:17	Updating SysSettings...
00:00:06	00:00:05	VEDA To TIMES II...




---------------------------------------------------------------------------------
Import Task list and their taken time on 16/10/2017 10:49:42
---------------------------------------------------------------------------------

Total time taken 00:00:00

Exp. Time	Act. Time	Task (3)
00:00:00		VEDA To TIMES I...
00:00:17		Updating SysSettings...
00:00:05		VEDA To TIMES II...




---------------------------------------------------------------------------------
Import Task list and their taken time on 16/10/2017 10:50:15
---------------------------------------------------------------------------------

Total time taken 00:00:15

Exp. Time	Act. Time	Task (3)
00:00:00	00:00:00	VEDA To TIMES I...
00:00:17	00:00:13	Updating SysSettings...
00:00:05	00:00:02	VEDA To TIMES II...




---------------------------------------------------------------------------------
Import Task list and their taken time on 16/10/2017 14:52:12
---------------------------------------------------------------------------------

Total time taken 00:00:00

Exp. Time	Act. Time	Task (6)
00:00:09		Reg_Scen: SOLAR_SUBSIDIES
00:00:14		Reg_Scen: UC_NCAP_BuildRate
00:00:17		Reg_Scen: UC_RNW_MaxCAP
00:00:00		VEDA To TIMES I...
00:00:13		Updating SysSettings...
00:00:02		VEDA To TIMES II...




---------------------------------------------------------------------------------
Import Task list and their taken time on 16/10/2017 14:53:18
---------------------------------------------------------------------------------

Total time taken 00:01:05

Exp. Time	Act. Time	Task (6)
00:00:09	00:00:13	Reg_Scen: SOLAR_SUBSIDIES
00:00:14	00:00:13	Reg_Scen: UC_NCAP_BuildRate
00:00:17	00:00:19	Reg_Scen: UC_RNW_MaxCAP
00:00:00	00:00:00	VEDA To TIMES I...
00:00:13	00:00:16	Updating SysSettings...
00:00:02	00:00:04	VEDA To TIMES II...




---------------------------------------------------------------------------------
Import Task list and their taken time on 16/10/2017 14:58:09
---------------------------------------------------------------------------------

Total time taken 00:00:00

Exp. Time	Act. Time	Task (4)
00:00:13		Reg_Scen: UC_NCAP_BuildRate
00:00:00		VEDA To TIMES I...
00:00:16		Updating SysSettings...
00:00:04		VEDA To TIMES II...




---------------------------------------------------------------------------------
Import Task list and their taken time on 16/10/2017 14:58:42
---------------------------------------------------------------------------------

Total time taken 00:00:31

Exp. Time	Act. Time	Task (4)
00:00:13	00:00:11	Reg_Scen: UC_NCAP_BuildRate
00:00:00	00:00:00	VEDA To TIMES I...
00:00:16	00:00:17	Updating SysSettings...
00:00:04	00:00:03	VEDA To TIMES II...




---------------------------------------------------------------------------------
Import Task list and their taken time on 17/10/2017 08:58:36
---------------------------------------------------------------------------------

Total time taken 00:00:00

Exp. Time	Act. Time	Task (4)
00:00:12		Reg_Scen: MSA_Parameters
00:00:00		VEDA To TIMES I...
00:00:17		Updating SysSettings...
00:00:03		VEDA To TIMES II...




---------------------------------------------------------------------------------
Import Task list and their taken time on 17/10/2017 08:59:15
---------------------------------------------------------------------------------

Total time taken 00:00:36

Exp. Time	Act. Time	Task (4)
00:00:12	00:00:15	Reg_Scen: MSA_Parameters
00:00:00	00:00:00	VEDA To TIMES I...
00:00:17	00:00:18	Updating SysSettings...
00:00:03	00:00:03	VEDA To TIMES II...




---------------------------------------------------------------------------------
Import Task list and their taken time on 18/10/2017 08:34:24
---------------------------------------------------------------------------------

Total time taken 00:00:00

Exp. Time	Act. Time	Task (4)
00:00:12		Reg_Scen: Cost_Reg_Bounds
00:00:00		VEDA To TIMES I...
00:00:18		Updating SysSettings...
00:00:03		VEDA To TIMES II...




---------------------------------------------------------------------------------
Import Task list and their taken time on 18/10/2017 08:34:57
---------------------------------------------------------------------------------

Total time taken 00:00:29

Exp. Time	Act. Time	Task (4)
00:00:12	00:00:10	Reg_Scen: Cost_Reg_Bounds
00:00:00	00:00:00	VEDA To TIMES I...
00:00:18	00:00:16	Updating SysSettings...
00:00:03	00:00:03	VEDA To TIMES II...




---------------------------------------------------------------------------------
Import Task list and their taken time on 18/10/2017 08:55:18
---------------------------------------------------------------------------------

Total time taken 00:00:00

Exp. Time	Act. Time	Task (4)
00:00:10		Reg_Scen: Cost_Reg_Bounds
00:00:00		VEDA To TIMES I...
00:00:16		Updating SysSettings...
00:00:03		VEDA To TIMES II...




---------------------------------------------------------------------------------
Import Task list and their taken time on 18/10/2017 08:55:54
---------------------------------------------------------------------------------

Total time taken 00:00:32

Exp. Time	Act. Time	Task (4)
00:00:10	00:00:11	Reg_Scen: Cost_Reg_Bounds
00:00:00	00:00:00	VEDA To TIMES I...
00:00:16	00:00:18	Updating SysSettings...
00:00:03	00:00:03	VEDA To TIMES II...




---------------------------------------------------------------------------------
Import Task list and their taken time on 18/10/2017 09:06:15
---------------------------------------------------------------------------------

Total time taken 00:00:00

Exp. Time	Act. Time	Task (4)
00:00:10		Reg_Scen: Cost_Reg_Cum
00:00:00		VEDA To TIMES I...
00:00:18		Updating SysSettings...
00:00:03		VEDA To TIMES II...




---------------------------------------------------------------------------------
Import Task list and their taken time on 18/10/2017 09:06:49
---------------------------------------------------------------------------------

Total time taken 00:00:31

Exp. Time	Act. Time	Task (4)
00:00:10	00:00:11	Reg_Scen: Cost_Reg_Cum
00:00:00	00:00:00	VEDA To TIMES I...
00:00:18	00:00:18	Updating SysSettings...
00:00:03	00:00:02	VEDA To TIMES II...




---------------------------------------------------------------------------------
Import Task list and their taken time on 25/10/2017 12:13:10
---------------------------------------------------------------------------------

Total time taken 00:00:00

Exp. Time	Act. Time	Task (12)
00:00:24		SR: Storage-HydPum
00:00:08		SR Transformation: Storage-HydPum
00:00:04		Transfer Data: [SR]
00:00:01		Processing Demands...
00:00:00		Update Demands...
00:00:11		Reg_Scen: Cost_Reg_Cum
00:00:13		Reg_Scen: Cost_UC-Subs_Reg
00:00:13		Reg_Scen: UC_CO2_Regs_Stoch-90-SW1
00:00:13		Reg_Scen: UC_CO2_Regs_VS_Stoch
00:00:00		VEDA To TIMES I...
00:00:18		Updating SysSettings...
00:00:02		VEDA To TIMES II...




---------------------------------------------------------------------------------
Import Task list and their taken time on 25/10/2017 12:14:56
---------------------------------------------------------------------------------

Total time taken 00:01:41

Exp. Time	Act. Time	Task (12)
00:00:24	00:00:22	SR: Storage-HydPum
00:00:08	00:00:05	SR Transformation: Storage-HydPum
00:00:04	00:00:03	Transfer Data: [SR]
00:00:01	00:00:01	Processing Demands...
00:00:00	00:00:00	Update Demands...
00:00:11	00:00:09	Reg_Scen: Cost_Reg_Cum
00:00:13	00:00:15	Reg_Scen: Cost_UC-Subs_Reg
00:00:13	00:00:18	Reg_Scen: UC_CO2_Regs_Stoch-90-SW1
00:00:13	00:00:10	Reg_Scen: UC_CO2_Regs_VS_Stoch
00:00:00	00:00:01	VEDA To TIMES I...
00:00:18	00:00:15	Updating SysSettings...
00:00:02	00:00:02	VEDA To TIMES II...




---------------------------------------------------------------------------------
Import Task list and their taken time on 02/11/2017 15:39:28
---------------------------------------------------------------------------------

Total time taken 00:00:00

Exp. Time	Act. Time	Task (4)
00:00:19		Reg_Scen: UC_RNW_MaxCAP
00:00:01		VEDA To TIMES I...
00:00:15		Updating SysSettings...
00:00:02		VEDA To TIMES II...




---------------------------------------------------------------------------------
Import Task list and their taken time on 02/11/2017 15:40:04
---------------------------------------------------------------------------------

Total time taken 00:00:33

Exp. Time	Act. Time	Task (4)
00:00:19	00:00:14	Reg_Scen: UC_RNW_MaxCAP
00:00:01	00:00:00	VEDA To TIMES I...
00:00:15	00:00:15	Updating SysSettings...
00:00:02	00:00:04	VEDA To TIMES II...




---------------------------------------------------------------------------------
Import Task list and their taken time on 02/11/2017 15:59:08
---------------------------------------------------------------------------------

Total time taken 00:00:00

Exp. Time	Act. Time	Task (4)
00:00:13		Reg_Scen: SOLAR_SUBSIDIES
00:00:00		VEDA To TIMES I...
00:00:15		Updating SysSettings...
00:00:04		VEDA To TIMES II...




---------------------------------------------------------------------------------
Import Task list and their taken time on 02/11/2017 15:59:35
---------------------------------------------------------------------------------

Total time taken 00:00:24

Exp. Time	Act. Time	Task (4)
00:00:13	00:00:08	Reg_Scen: SOLAR_SUBSIDIES
00:00:00	00:00:00	VEDA To TIMES I...
00:00:15	00:00:13	Updating SysSettings...
00:00:04	00:00:03	VEDA To TIMES II...




---------------------------------------------------------------------------------
Import Task list and their taken time on 09/11/2017 14:17:54
---------------------------------------------------------------------------------

Total time taken 00:00:00

Exp. Time	Act. Time	Task (7)
00:00:10		Reg_Scen: ETL_Solar_PRAT-25
00:00:13		Reg_Scen: ETL_Solar_PRAT-30
00:00:11		Reg_Scen: ETL_Solar_PRAT-35
00:00:14		Reg_Scen: ETL_Solar_PRAT-40
00:00:00		VEDA To TIMES I...
00:00:13		Updating SysSettings...
00:00:03		VEDA To TIMES II...




---------------------------------------------------------------------------------
Import Task list and their taken time on 09/11/2017 14:18:54
---------------------------------------------------------------------------------

Total time taken 00:00:57

Exp. Time	Act. Time	Task (7)
00:00:10	00:00:10	Reg_Scen: ETL_Solar_PRAT-25
00:00:13	00:00:10	Reg_Scen: ETL_Solar_PRAT-30
00:00:11	00:00:10	Reg_Scen: ETL_Solar_PRAT-35
00:00:14	00:00:10	Reg_Scen: ETL_Solar_PRAT-40
00:00:00	00:00:01	VEDA To TIMES I...
00:00:13	00:00:13	Updating SysSettings...
00:00:03	00:00:03	VEDA To TIMES II...




---------------------------------------------------------------------------------
Import Task list and their taken time on 09/11/2017 14:29:51
---------------------------------------------------------------------------------

Total time taken 00:00:00

Exp. Time	Act. Time	Task (4)
00:00:10		Reg_Scen: ETL_Solar_PRAT-40
00:00:01		VEDA To TIMES I...
00:00:13		Updating SysSettings...
00:00:03		VEDA To TIMES II...




---------------------------------------------------------------------------------
Import Task list and their taken time on 09/11/2017 14:30:26
---------------------------------------------------------------------------------

Total time taken 00:00:31

Exp. Time	Act. Time	Task (4)
00:00:10	00:00:15	Reg_Scen: ETL_Solar_PRAT-40
00:00:01	00:00:00	VEDA To TIMES I...
00:00:13	00:00:14	Updating SysSettings...
00:00:03	00:00:02	VEDA To TIMES II...




---------------------------------------------------------------------------------
Import Task list and their taken time on 09/11/2017 14:32:47
---------------------------------------------------------------------------------

Total time taken 00:00:00

Exp. Time	Act. Time	Task (4)
00:00:15		Reg_Scen: ETL_Solar_PRAT-40
00:00:00		VEDA To TIMES I...
00:00:14		Updating SysSettings...
00:00:02		VEDA To TIMES II...




---------------------------------------------------------------------------------
Import Task list and their taken time on 09/11/2017 14:33:19
---------------------------------------------------------------------------------

Total time taken 00:00:28

Exp. Time	Act. Time	Task (4)
00:00:15	00:00:12	Reg_Scen: ETL_Solar_PRAT-40
00:00:00	00:00:00	VEDA To TIMES I...
00:00:14	00:00:14	Updating SysSettings...
00:00:02	00:00:02	VEDA To TIMES II...




---------------------------------------------------------------------------------
Import Task list and their taken time on 09/11/2017 14:34:38
---------------------------------------------------------------------------------

Total time taken 00:00:00

Exp. Time	Act. Time	Task (4)
00:00:12		Reg_Scen: ETL_Solar_PRAT-40
00:00:00		VEDA To TIMES I...
00:00:14		Updating SysSettings...
00:00:02		VEDA To TIMES II...




---------------------------------------------------------------------------------
Import Task list and their taken time on 09/11/2017 14:35:06
---------------------------------------------------------------------------------

Total time taken 00:00:24

Exp. Time	Act. Time	Task (4)
00:00:12	00:00:09	Reg_Scen: ETL_Solar_PRAT-40
00:00:00	00:00:00	VEDA To TIMES I...
00:00:14	00:00:12	Updating SysSettings...
00:00:02	00:00:03	VEDA To TIMES II...




---------------------------------------------------------------------------------
Import Task list and their taken time on 09/11/2017 14:37:16
---------------------------------------------------------------------------------

Total time taken 00:00:00

Exp. Time	Act. Time	Task (4)
00:00:09		Reg_Scen: ETL_Solar_PRAT-40
00:00:00		VEDA To TIMES I...
00:00:12		Updating SysSettings...
00:00:03		VEDA To TIMES II...




---------------------------------------------------------------------------------
Import Task list and their taken time on 09/11/2017 14:37:45
---------------------------------------------------------------------------------

Total time taken 00:00:26

Exp. Time	Act. Time	Task (4)
00:00:09	00:00:10	Reg_Scen: ETL_Solar_PRAT-40
00:00:00	00:00:00	VEDA To TIMES I...
00:00:12	00:00:13	Updating SysSettings...
00:00:03	00:00:03	VEDA To TIMES II...




---------------------------------------------------------------------------------
Import Task list and their taken time on 09/11/2017 14:39:16
---------------------------------------------------------------------------------

Total time taken 00:00:00

Exp. Time	Act. Time	Task (4)
00:00:10		Reg_Scen: ETL_Solar_PRAT-40
00:00:00		VEDA To TIMES I...
00:00:13		Updating SysSettings...
00:00:03		VEDA To TIMES II...




---------------------------------------------------------------------------------
Import Task list and their taken time on 09/11/2017 14:39:45
---------------------------------------------------------------------------------

Total time taken 00:00:26

Exp. Time	Act. Time	Task (4)
00:00:10	00:00:11	Reg_Scen: ETL_Solar_PRAT-40
00:00:00	00:00:00	VEDA To TIMES I...
00:00:13	00:00:12	Updating SysSettings...
00:00:03	00:00:03	VEDA To TIMES II...




---------------------------------------------------------------------------------
Import Task list and their taken time on 09/11/2017 14:44:41
---------------------------------------------------------------------------------

Total time taken 00:00:00

Exp. Time	Act. Time	Task (7)
00:00:10		Reg_Scen: ETL_Solar_PRAT-25
00:00:10		Reg_Scen: ETL_Solar_PRAT-30
00:00:10		Reg_Scen: ETL_Solar_PRAT-35
00:00:11		Reg_Scen: ETL_Solar_PRAT-40
00:00:00		VEDA To TIMES I...
00:00:12		Updating SysSettings...
00:00:03		VEDA To TIMES II...




---------------------------------------------------------------------------------
Import Task list and their taken time on 09/11/2017 14:45:49
---------------------------------------------------------------------------------

Total time taken 00:01:05

Exp. Time	Act. Time	Task (7)
00:00:10	00:00:16	Reg_Scen: ETL_Solar_PRAT-25
00:00:10	00:00:11	Reg_Scen: ETL_Solar_PRAT-30
00:00:10	00:00:10	Reg_Scen: ETL_Solar_PRAT-35
00:00:11	00:00:10	Reg_Scen: ETL_Solar_PRAT-40
00:00:00	00:00:00	VEDA To TIMES I...
00:00:12	00:00:15	Updating SysSettings...
00:00:03	00:00:03	VEDA To TIMES II...




---------------------------------------------------------------------------------
Import Task list and their taken time on 09/11/2017 15:23:58
---------------------------------------------------------------------------------

Total time taken 00:00:00

Exp. Time	Act. Time	Task (8)
UnKnown		SR: Storage-STG_Car
UnKnown		SR Transformation: Storage-STG_Car
00:00:03		Transfer Data: [SR]
00:00:01		Processing Demands...
00:00:00		Update Demands...
00:00:00		VEDA To TIMES I...
00:00:15		Updating SysSettings...
00:00:03		VEDA To TIMES II...




---------------------------------------------------------------------------------
Import Task list and their taken time on 09/11/2017 15:24:49
---------------------------------------------------------------------------------

Total time taken 00:00:45

Exp. Time	Act. Time	Task (8)
UnKnown	00:00:17	SR: Storage-STG_Car
UnKnown	00:00:07	SR Transformation: Storage-STG_Car
00:00:03	00:00:03	Transfer Data: [SR]
00:00:01	00:00:01	Processing Demands...
00:00:00	00:00:00	Update Demands...
00:00:00	00:00:00	VEDA To TIMES I...
00:00:15	00:00:14	Updating SysSettings...
00:00:03	00:00:03	VEDA To TIMES II...




---------------------------------------------------------------------------------
Import Task list and their taken time on 09/11/2017 15:26:32
---------------------------------------------------------------------------------

Total time taken 00:00:00

Exp. Time	Act. Time	Task (8)
00:00:17		SR: Storage-STG_Car
00:00:07		SR Transformation: Storage-STG_Car
00:00:03		Transfer Data: [SR]
00:00:01		Processing Demands...
00:00:00		Update Demands...
00:00:00		VEDA To TIMES I...
00:00:14		Updating SysSettings...
00:00:03		VEDA To TIMES II...




---------------------------------------------------------------------------------
Import Task list and their taken time on 09/11/2017 15:27:30
---------------------------------------------------------------------------------

Total time taken 00:00:52

Exp. Time	Act. Time	Task (8)
00:00:17	00:00:22	SR: Storage-STG_Car
00:00:07	00:00:10	SR Transformation: Storage-STG_Car
00:00:03	00:00:03	Transfer Data: [SR]
00:00:01	00:00:01	Processing Demands...
00:00:00	00:00:00	Update Demands...
00:00:00	00:00:00	VEDA To TIMES I...
00:00:14	00:00:14	Updating SysSettings...
00:00:03	00:00:02	VEDA To TIMES II...




---------------------------------------------------------------------------------
Import Task list and their taken time on 09/11/2017 16:18:27
---------------------------------------------------------------------------------

Total time taken 00:00:00

Exp. Time	Act. Time	Task (8)
00:00:22		SR: Storage-STG_Car
00:00:10		SR Transformation: Storage-STG_Car
00:00:03		Transfer Data: [SR]
00:00:01		Processing Demands...
00:00:00		Update Demands...
00:00:00		VEDA To TIMES I...
00:00:14		Updating SysSettings...
00:00:02		VEDA To TIMES II...




---------------------------------------------------------------------------------
Import Task list and their taken time on 09/11/2017 16:19:19
---------------------------------------------------------------------------------

Total time taken 00:00:45

Exp. Time	Act. Time	Task (8)
00:00:22	00:00:17	SR: Storage-STG_Car
00:00:10	00:00:07	SR Transformation: Storage-STG_Car
00:00:03	00:00:03	Transfer Data: [SR]
00:00:01	00:00:01	Processing Demands...
00:00:00	00:00:00	Update Demands...
00:00:00	00:00:00	VEDA To TIMES I...
00:00:14	00:00:14	Updating SysSettings...
00:00:02	00:00:03	VEDA To TIMES II...




---------------------------------------------------------------------------------
Import Task list and their taken time on 09/11/2017 16:42:19
---------------------------------------------------------------------------------

Total time taken 00:00:00

Exp. Time	Act. Time	Task (8)
00:00:17		SR: Storage-STG_Car
00:00:07		SR Transformation: Storage-STG_Car
00:00:03		Transfer Data: [SR]
00:00:01		Processing Demands...
00:00:00		Update Demands...
00:00:00		VEDA To TIMES I...
00:00:14		Updating SysSettings...
00:00:03		VEDA To TIMES II...




---------------------------------------------------------------------------------
Import Task list and their taken time on 09/11/2017 16:43:12
---------------------------------------------------------------------------------

Total time taken 00:00:47

Exp. Time	Act. Time	Task (8)
00:00:17	00:00:18	SR: Storage-STG_Car
00:00:07	00:00:08	SR Transformation: Storage-STG_Car
00:00:03	00:00:04	Transfer Data: [SR]
00:00:01	00:00:00	Processing Demands...
00:00:00	00:00:00	Update Demands...
00:00:00	00:00:00	VEDA To TIMES I...
00:00:14	00:00:14	Updating SysSettings...
00:00:03	00:00:03	VEDA To TIMES II...




---------------------------------------------------------------------------------
Import Task list and their taken time on 09/11/2017 16:52:06
---------------------------------------------------------------------------------

Total time taken 00:00:00

Exp. Time	Act. Time	Task (8)
00:00:18		SR: Storage-STG_Car
00:00:08		SR Transformation: Storage-STG_Car
00:00:04		Transfer Data: [SR]
00:00:00		Processing Demands...
00:00:00		Update Demands...
00:00:00		VEDA To TIMES I...
00:00:14		Updating SysSettings...
00:00:03		VEDA To TIMES II...




---------------------------------------------------------------------------------
Import Task list and their taken time on 09/11/2017 16:52:59
---------------------------------------------------------------------------------

Total time taken 00:00:46

Exp. Time	Act. Time	Task (8)
00:00:18	00:00:17	SR: Storage-STG_Car
00:00:08	00:00:09	SR Transformation: Storage-STG_Car
00:00:04	00:00:03	Transfer Data: [SR]
00:00:00	00:00:01	Processing Demands...
00:00:00	00:00:00	Update Demands...
00:00:00	00:00:00	VEDA To TIMES I...
00:00:14	00:00:13	Updating SysSettings...
00:00:03	00:00:03	VEDA To TIMES II...




---------------------------------------------------------------------------------
Import Task list and their taken time on 09/11/2017 17:00:20
---------------------------------------------------------------------------------

Total time taken 00:00:00

Exp. Time	Act. Time	Task (4)
UnKnown		Reg_Scen: STG_Cars
00:00:00		VEDA To TIMES I...
00:00:13		Updating SysSettings...
00:00:03		VEDA To TIMES II...




---------------------------------------------------------------------------------
Import Task list and their taken time on 09/11/2017 17:00:49
---------------------------------------------------------------------------------

Total time taken 00:00:24

Exp. Time	Act. Time	Task (4)
UnKnown	00:00:08	Reg_Scen: STG_Cars
00:00:00	00:00:00	VEDA To TIMES I...
00:00:13	00:00:13	Updating SysSettings...
00:00:03	00:00:03	VEDA To TIMES II...




