Scenario,Region,Attribute,Process,Commgrp,Commodity,UC_N,Year,Timeslice,Limtype,Valfield
BOUNDS-UC_WSETS.REG1.UC_FLO.ELCRNSOL02.-.ELC.UC_RNW-PP_LOW.2020.ANNUAL.-.1
BOUNDS-UC_WSETS.REG1.UC_FLO.ELCRNSOL02.-.ELC.UC_RNW-PP_LOW.2050.ANNUAL.-.1
BOUNDS-UC_WSETS.REG1.UC_FLO.ELCRNWIN02.-.ELC.UC_RNW-PP_LOW.2020.ANNUAL.-.1
BOUNDS-UC_WSETS.REG1.UC_FLO.ELCRNWIN02.-.ELC.UC_RNW-PP_LOW.2050.ANNUAL.-.1
BOUNDS-UC_WSETS.REG2.UC_FLO.ELCRNSOL02.-.ELC.UC_RNW-PP_LOW.2020.ANNUAL.-.1
BOUNDS-UC_WSETS.REG2.UC_FLO.ELCRNSOL02.-.ELC.UC_RNW-PP_LOW.2050.ANNUAL.-.1
BOUNDS-UC_WSETS.REG2.UC_FLO.ELCRNWIN02.-.ELC.UC_RNW-PP_LOW.2020.ANNUAL.-.1
BOUNDS-UC_WSETS.REG2.UC_FLO.ELCRNWIN02.-.ELC.UC_RNW-PP_LOW.2050.ANNUAL.-.1
SysSettings.REG1.FLO_SHAR.ELCBNGAB01.ELCBNGAB01_NRGI.ELCBIO.-.0.ANNUAL.UP.5
SysSettings.REG2.FLO_SHAR.ELCBNGAB01.ELCBNGAB01_NRGI.ELCBIO.-.0.ANNUAL.UP.5
UC_RNW_MaxCAP.REG1.UC_CAP.ELCRNSOL02.-.-.AU_SOL_MaxCAP.2015.-.-.1
UC_RNW_MaxCAP.REG1.UC_CAP.ELCRNSOL02.-.-.AU_SOL_MaxCAP.2030.-.-.1
UC_RNW_MaxCAP.REG1.UC_CAP.ELCRNSOL02.-.-.AU_SOL_MaxCAP.2050.-.-.1
UC_RNW_MaxCAP.REG1.UC_CAP.ELCRNWIN02.-.-.AU_WIN_MaxCAP.2015.-.-.1
UC_RNW_MaxCAP.REG1.UC_CAP.ELCRNWIN02.-.-.AU_WIN_MaxCAP.2030.-.-.1
UC_RNW_MaxCAP.REG1.UC_CAP.ELCRNWIN02.-.-.AU_WIN_MaxCAP.2050.-.-.1
UC_RNW_MaxCAP.REG2.UC_CAP.ELCRNSOL02.-.-.AU_SOL_MaxCAP.2015.-.-.1
UC_RNW_MaxCAP.REG2.UC_CAP.ELCRNSOL02.-.-.AU_SOL_MaxCAP.2030.-.-.1
UC_RNW_MaxCAP.REG2.UC_CAP.ELCRNSOL02.-.-.AU_SOL_MaxCAP.2050.-.-.1
UC_RNW_MaxCAP.REG2.UC_CAP.ELCRNWIN02.-.-.AU_WIN_MaxCAP.2015.-.-.1
UC_RNW_MaxCAP.REG2.UC_CAP.ELCRNWIN02.-.-.AU_WIN_MaxCAP.2030.-.-.1
UC_RNW_MaxCAP.REG2.UC_CAP.ELCRNWIN02.-.-.AU_WIN_MaxCAP.2050.-.-.1

